<?xml version="1.0" encoding="UTF-8"?>
<!-- Generated by org.testng.reporters.JUnitReportReporter -->
<testsuite hostname="DESKTOP-3968NLS" failures="0" tests="4" name="workingwithTestng.Login" time="36.282" errors="0" timestamp="2020-06-01T16:51:48 AEST" skipped="0">
  <testcase classname="workingwithTestng.Login" name="testcase4" time="5.550"/>
  <system-out/>
  <testcase classname="workingwithTestng.Login" name="testcase2" time="11.132"/>
  <system-out/>
  <testcase classname="workingwithTestng.Login" name="testcase1" time="13.480"/>
  <system-out/>
  <testcase classname="workingwithTestng.Login" name="testcase3" time="6.120"/>
  <system-out/>
</testsuite> <!-- workingwithTestng.Login -->
