<?xml version="1.0" encoding="UTF-8"?>
<!-- Generated by org.testng.reporters.JUnitReportReporter -->
<testsuite hostname="DESKTOP-3968NLS" failures="0" tests="4" name="workingwithTestng.Testngframework" time="38.358" errors="0" timestamp="2020-06-02T16:17:11 AEST" skipped="0">
  <testcase classname="workingwithTestng.Testngframework" name="testcase1" time="9.472"/>
  <system-out/>
  <testcase classname="workingwithTestng.Testngframework" name="testcase2" time="14.468"/>
  <system-out/>
  <testcase classname="workingwithTestng.Testngframework" name="testcase3" time="7.455"/>
  <system-out/>
  <testcase classname="workingwithTestng.Testngframework" name="testcase4" time="6.963"/>
  <system-out/>
</testsuite> <!-- workingwithTestng.Testngframework -->
