<?xml version="1.0" encoding="UTF-8"?>
<!-- Generated by org.testng.reporters.JUnitReportReporter -->
<testsuite hostname="DESKTOP-3968NLS" failures="0" tests="1" name="workingwithTestng.practicetestng" time="6.513" errors="0" timestamp="2020-06-01T17:23:39 AEST" skipped="0">
  <testcase classname="workingwithTestng.practicetestng" name="testcase2" time="6.513"/>
  <system-out/>
</testsuite> <!-- workingwithTestng.practicetestng -->
